<?xml version="1.0" encoding="UTF-8"?>
<!-- Generated by org.testng.reporters.JUnitReportReporter -->
<testsuite skipped="0" hostname="DESKTOP-9C659HB" name="com.tests.LoginTest" tests="2" failures="0" timestamp="30 Aug 2018 04:14:31 GMT" time="33.007" errors="0">
  <testcase name="freeCrmTitleTest" time="22.601" classname="com.tests.LoginTest"/>
  <testcase name="freeCrmImageTest" time="10.406" classname="com.tests.LoginTest"/>
</testsuite> <!-- com.tests.LoginTest -->
